Using pre-set license
Built from '2021.1/staging' branch; Version is '2021.1.12f1 (afcadd793de6) revision 11520733'; Using compiler version '192528614'; Build Type 'Release'
OS: 'Windows 10 Home; OS build 19042.1052; Version 2009; 64bit' Language: 'fr' Physical Memory: 16125 MB
BatchMode: 1, IsHumanControllingUs: 0, StartBugReporterOnCrash: 0, Is64bit: 1, IsPro: 0

 COMMAND LINE ARGUMENTS:
C:\Program Files\Unity\2021.1.12f1\Editor\Unity.exe
-adb2
-batchMode
-noUpm
-name
AssetImportWorker0
-projectPath
C:/Users/mathi/Documents/Perso/Unity/TwinSouls/TwinSouls_prototype
-logFile
Logs/AssetImportWorker0.log
-srvPort
62891
Successfully changed project path to: C:/Users/mathi/Documents/Perso/Unity/TwinSouls/TwinSouls_prototype
C:/Users/mathi/Documents/Perso/Unity/TwinSouls/TwinSouls_prototype
Using Asset Import Pipeline V2.
Refreshing native plugins compatible for Editor in 82.73 ms, found 3 plugins.
Preloading 0 native plugins for Editor in 0.00 ms.
Initialize engine version: 2021.1.12f1 (afcadd793de6)
[Subsystems] Discovering subsystems at path C:/Program Files/Unity/2021.1.12f1/Editor/Data/Resources/UnitySubsystems
[Subsystems] Discovering subsystems at path C:/Users/mathi/Documents/Perso/Unity/TwinSouls/TwinSouls_prototype/Assets
GfxDevice: creating device client; threaded=0; jobified=0
Direct3D:
    Version:  Direct3D 11.0 [level 11.1]
    Renderer: NVIDIA GeForce GTX 1650 Ti (ID=0x1f95)
    Vendor:   NVIDIA
    VRAM:     3964 MB
    Driver:   27.21.14.6231
Initialize mono
Mono path[0] = 'C:/Program Files/Unity/2021.1.12f1/Editor/Data/Managed'
Mono path[1] = 'C:/Program Files/Unity/2021.1.12f1/Editor/Data/MonoBleedingEdge/lib/mono/unityjit'
Mono config path = 'C:/Program Files/Unity/2021.1.12f1/Editor/Data/MonoBleedingEdge/etc'
Using monoOptions --debugger-agent=transport=dt_socket,embedding=1,server=y,suspend=n,address=127.0.0.1:56688
Begin MonoManager ReloadAssembly
Registering precompiled unity dll's ...
Register platform support module: C:/Program Files/Unity/2021.1.12f1/Editor/Data/PlaybackEngines/WindowsStandaloneSupport/UnityEditor.WindowsStandalone.Extensions.dll
Registered in 0.001589 seconds.
Native extension for WindowsStandalone target not found
Refreshing native plugins compatible for Editor in 81.92 ms, found 3 plugins.
Preloading 0 native plugins for Editor in 0.00 ms.
Mono: successfully reloaded assembly
- Completed reload, in  0.944 seconds
Domain Reload Profiling:
	ReloadAssembly (944ms)
		BeginReloadAssembly (45ms)
			ExecutionOrderSort (0ms)
			DisableScriptedObjects (0ms)
			BackupInstance (0ms)
			ReleaseScriptingObjects (0ms)
			CreateAndSetChildDomain (1ms)
		EndReloadAssembly (436ms)
			LoadAssemblies (43ms)
			RebuildTransferFunctionScriptingTraits (0ms)
			SetupTypeCache (157ms)
			ReleaseScriptCaches (0ms)
			RebuildScriptCaches (25ms)
			SetupLoadedEditorAssemblies (213ms)
				LogAssemblyErrors (0ms)
				InitializePlatformSupportModulesInManaged (7ms)
				SetLoadedEditorAssemblies (0ms)
				RefreshPlugins (82ms)
				BeforeProcessingInitializeOnLoad (1ms)
				ProcessInitializeOnLoadAttributes (91ms)
				ProcessInitializeOnLoadMethodAttributes (32ms)
				AfterProcessingInitializeOnLoad (0ms)
				EditorAssembliesLoaded (0ms)
			ExecutionOrderSort2 (0ms)
			AwakeInstancesAfterBackupRestoration (0ms)
Platform modules already initialized, skipping
Registering precompiled user dll's ...
Registered in 0.009204 seconds.
Begin MonoManager ReloadAssembly
Symbol file LoadedFromMemory doesn't match image C:\Users\mathi\Documents\Perso\Unity\TwinSouls\TwinSouls_prototype\Library\PackageCache\com.unity.visualscripting@1.6.1\Editor\VisualScripting.Core\Dependencies\YamlDotNet\Unity.VisualScripting.YamlDotNet.dll
Symbol file LoadedFromMemory doesn't match image C:\Users\mathi\Documents\Perso\Unity\TwinSouls\TwinSouls_prototype\Library\PackageCache\com.unity.visualscripting@1.6.1\Editor\VisualScripting.Core\Dependencies\DotNetZip\Unity.VisualScripting.IonicZip.dll
Native extension for WindowsStandalone target not found
Refreshing native plugins compatible for Editor in 0.78 ms, found 3 plugins.
Preloading 0 native plugins for Editor in 0.00 ms.
[MODES] ModeService[none].Initialize
[MODES] ModeService[none].LoadModes
[MODES] Loading mode Default (0) for mode-current-id-TwinSouls_prototype
System.Reflection.TargetInvocationException: Exception has been thrown by the target of an invocation. ---> System.NullReferenceException: Object reference not set to an instance of an object
  at UnityEngine.UIElements.BaseLiveReloadAssetTracker`1[T].StartTrackingAsset (T asset) [0x0003e] in <432323cb268c47d2a6f4dd832d1a1c97>:0 
  at UnityEngine.UIElements.VisualElement.HandlePanelAttachmentEvents (UnityEngine.UIElements.EventBase evt) [0x000a9] in <432323cb268c47d2a6f4dd832d1a1c97>:0 
  at UnityEngine.UIElements.VisualElement.ExecuteDefaultAction (UnityEngine.UIElements.EventBase evt) [0x0010e] in <432323cb268c47d2a6f4dd832d1a1c97>:0 
  at UnityEngine.UIElements.CallbackEventHandler.HandleEvent (UnityEngine.UIElements.EventBase evt) [0x000ae] in <432323cb268c47d2a6f4dd832d1a1c97>:0 
  at UnityEngine.UIElements.EventDispatchUtilities.ExecuteDefaultAction (UnityEngine.UIElements.EventBase evt, UnityEngine.UIElements.IPanel panel) [0x00054] in <432323cb268c47d2a6f4dd832d1a1c97>:0 
  at UnityEngine.UIElements.EventDispatcher.ProcessEvent (UnityEngine.UIElements.EventBase evt, UnityEngine.UIElements.IPanel panel) [0x000ba] in <432323cb268c47d2a6f4dd832d1a1c97>:0 
  at UnityEngine.UIElements.EventDispatcher.Dispatch (UnityEngine.UIElements.EventBase evt, UnityEngine.UIElements.IPanel panel, UnityEngine.UIElements.DispatchMode dispatchMode) [0x00046] in <432323cb268c47d2a6f4dd832d1a1c97>:0 
  at UnityEngine.UIElements.BaseVisualElementPanel.SendEvent (UnityEngine.UIElements.EventBase e, UnityEngine.UIElements.DispatchMode dispatchMode) [0x0001a] in <432323cb268c47d2a6f4dd832d1a1c97>:0 
  at UnityEngine.UIElements.VisualElement.HasChangedPanel (UnityEngine.UIElements.BaseVisualElementPanel prevPanel) [0x00061] in <432323cb268c47d2a6f4dd832d1a1c97>:0 
  at UnityEngine.UIElements.VisualElement.SetPanel (UnityEngine.UIElements.BaseVisualElementPanel p) [0x001b1] in <432323cb268c47d2a6f4dd832d1a1c97>:0 
  at UnityEngine.UIElements.VisualElement+Hierarchy.SetParent (UnityEngine.UIElements.VisualElement value) [0x00038] in <432323cb268c47d2a6f4dd832d1a1c97>:0 
  at UnityEngine.UIElements.VisualElement+Hierarchy.Insert (System.Int32 index, UnityEngine.UIElements.VisualElement child) [0x000e4] in <432323cb268c47d2a6f4dd832d1a1c97>:0 
  at UnityEngine.UIElements.VisualElement+Hierarchy.Add (UnityEngine.UIElements.VisualElement child) [0x0001b] in <432323cb268c47d2a6f4dd832d1a1c97>:0 
  at UnityEngine.UIElements.VisualElement.Add (UnityEngine.UIElements.VisualElement child) [0x00038] in <432323cb268c47d2a6f4dd832d1a1c97>:0 
  at UnityEditor.UIElements.DefaultEditorWindowBackend.AddRootElement (UnityEngine.UIElements.VisualElement root) [0x0000c] in <47d44085adbe43bd896d97295bdef4f5>:0 
  at UnityEditor.UIElements.DefaultEditorWindowBackend.RegisterWindow () [0x000c7] in <47d44085adbe43bd896d97295bdef4f5>:0 
  at UnityEditor.UIElements.DefaultEditorWindowBackend.UnityEditor.IEditorWindowBackend.OnRegisterWindow () [0x00001] in <47d44085adbe43bd896d97295bdef4f5>:0 
  at UnityEditor.HostView.RegisterSelectedPane (System.Boolean sendEvents) [0x00035] in <cb5f6353539a46708761eca227df3590>:0 
  at UnityEditor.HostView.SetActualViewInternal (UnityEditor.EditorWindow value, System.Boolean sendEvents) [0x0004b] in <cb5f6353539a46708761eca227df3590>:0 
  at UnityEditor.DockArea.SetSelectedPrivate (System.Int32 value, System.Boolean sendEvents) [0x00059] in <cb5f6353539a46708761eca227df3590>:0 
  at UnityEditor.DockArea.AddTab (System.Int32 idx, UnityEditor.EditorWindow pane, System.Boolean sendPaneEvents) [0x00018] in <cb5f6353539a46708761eca227df3590>:0 
  at UnityEditor.DockArea.AddTab (UnityEditor.EditorWindow pane, System.Boolean sendPaneEvents) [0x0000d] in <cb5f6353539a46708761eca227df3590>:0 
  at UnityEditor.EditorWindow.CreateNewWindowForEditorWindow (UnityEditor.EditorWindow window, System.Boolean loadPosition, System.Boolean showImmediately, System.Boolean setFocus) [0x0001b] in <cb5f6353539a46708761eca227df3590>:0 
  at UnityEditor.EditorWindow.Show (System.Boolean immediateDisplay) [0x00011] in <cb5f6353539a46708761eca227df3590>:0 
  at UnityEditor.EditorWindow.Show () [0x00001] in <cb5f6353539a46708761eca227df3590>:0 
  at UnityEditor.EditorWindow.GetWindowPrivate (System.Type t, System.Boolean utility, System.String title, System.Boolean focus) [0x00057] in <cb5f6353539a46708761eca227df3590>:0 
  at UnityEditor.EditorWindow.GetWindow (System.Type t, System.Boolean utility, System.String title, System.Boolean focus) [0x00001] in <cb5f6353539a46708761eca227df3590>:0 
  at UnityEditor.EditorWindow.GetWindow[T] (System.Boolean utility, System.String title, System.Boolean focus) [0x00001] in <cb5f6353539a46708761eca227df3590>:0 
  at UnityEditor.EditorWindow.GetWindow[T] () [0x00001] in <cb5f6353539a46708761eca227df3590>:0 
  at StartAssets.PowerfulPreviewSettingsWindow.ShowSettings () [0x00000] in C:\Users\mathi\Documents\Perso\Unity\TwinSouls\TwinSouls_prototype\Assets\Start Assets\PowerfulPreview\Editor\PowerfulPreviewSettingsWindow.cs:64 
  at StartAssets.PowerfulPreviewSettingsWindow.Initialize () [0x0000c] in C:\Users\mathi\Documents\Perso\Unity\TwinSouls\TwinSouls_prototype\Assets\Start Assets\PowerfulPreview\Editor\PowerfulPreviewSettingsWindow.cs:69 
  at (wrapper managed-to-native) System.Reflection.MonoMethod.InternalInvoke(System.Reflection.MonoMethod,object,object[],System.Exception&)
  at System.Reflection.MonoMethod.Invoke (System.Object obj, System.Reflection.BindingFlags invokeAttr, System.Reflection.Binder binder, System.Object[] parameters, System.Globalization.CultureInfo culture) [0x00032] in <695d1cc93cca45069c528c15c9fdd749>:0 
   --- End of inner exception stack trace ---
  at System.Reflection.MonoMethod.Invoke (System.Object obj, System.Reflection.BindingFlags invokeAttr, System.Reflection.Binder binder, System.Object[] parameters, System.Globalization.CultureInfo culture) [0x00048] in <695d1cc93cca45069c528c15c9fdd749>:0 
  at System.Reflection.MethodBase.Invoke (System.Object obj, System.Object[] parameters) [0x00000] in <695d1cc93cca45069c528c15c9fdd749>:0 
  at UnityEditor.EditorAssemblies.ProcessInitializeOnLoadMethodAttributes () [0x00047] in <cb5f6353539a46708761eca227df3590>:0 
UnityEngine.StackTraceUtility:ExtractStackTrace ()
UnityEngine.DebugLogHandler:LogFormat (UnityEngine.LogType,UnityEngine.Object,string,object[])
UnityEngine.Logger:Log (UnityEngine.LogType,object)
UnityEngine.Debug:LogError (object)
UnityEditor.EditorAssemblies:ProcessInitializeOnLoadMethodAttributes ()

Mono: successfully reloaded assembly
- Completed reload, in  1.801 seconds
Domain Reload Profiling:
	ReloadAssembly (1802ms)
		BeginReloadAssembly (135ms)
			ExecutionOrderSort (0ms)
			DisableScriptedObjects (4ms)
			BackupInstance (0ms)
			ReleaseScriptingObjects (0ms)
			CreateAndSetChildDomain (20ms)
		EndReloadAssembly (1610ms)
			LoadAssemblies (82ms)
			RebuildTransferFunctionScriptingTraits (0ms)
			SetupTypeCache (351ms)
			ReleaseScriptCaches (1ms)
			RebuildScriptCaches (61ms)
			SetupLoadedEditorAssemblies (1023ms)
				LogAssemblyErrors (0ms)
				InitializePlatformSupportModulesInManaged (4ms)
				SetLoadedEditorAssemblies (0ms)
				RefreshPlugins (1ms)
				BeforeProcessingInitializeOnLoad (64ms)
				ProcessInitializeOnLoadAttributes (750ms)
				ProcessInitializeOnLoadMethodAttributes (198ms)
				AfterProcessingInitializeOnLoad (5ms)
				EditorAssembliesLoaded (0ms)
			ExecutionOrderSort2 (0ms)
			AwakeInstancesAfterBackupRestoration (7ms)
Platform modules already initialized, skipping
========================================================================
Worker process is ready to serve import requests
Launched and connected shader compiler UnityShaderCompiler.exe after 0.06 seconds
Refreshing native plugins compatible for Editor in 1.43 ms, found 3 plugins.
Preloading 0 native plugins for Editor in 0.00 ms.
Unloading 3330 Unused Serialized files (Serialized files now loaded: 0)
System memory in use before: 125.0 MB.
System memory in use after: 125.0 MB.

Unloading 39 unused Assets to reduce memory usage. Loaded Objects now: 3824.
Total: 39.490300 ms (FindLiveObjects: 0.634300 ms CreateObjectMapping: 0.285300 ms MarkObjects: 38.487600 ms  DeleteObjects: 0.080600 ms)

AssetImportParameters requested are different than current active one (requested -> active):
  custom:framework-win-MediaFoundation: 216162199b28c13a410421893ffa2e32 -> 
  custom:video-decoder-ogg-theora: a1e56fd34408186e4bbccfd4996cb3dc -> 
  custom:container-muxer-webm: aa71ff27fc2769a1b78a27578f13a17b -> 
  custom:container-demuxer-webm: 4f35f7cbe854078d1ac9338744f61a02 -> 
  custom:container-demuxer-ogg: 62fdf1f143b41e24485cea50d1cbac27 -> 
  custom:video-encoder-webm-vp8: eb34c28f22e8b96e1ab97ce403110664 -> 
  custom:video-codec-MediaFoundation-h265: 746d11721c4dcdbdad8f713fa42b33f4 -> 
  custom:video-decoder-webm-vp8: 9c59270c3fd7afecdb556c50c9e8de78 -> 
  custom:audio-decoder-ogg-vorbis: bf7c407c2cedff20999df2af8eb42d56 -> 
  custom:audio-encoder-webm-vorbis: bf7c407c2cedff20999df2af8eb42d56 -> 
========================================================================
Received Import Request.
  path: Assets/#My/Resources/Data
  artifactKey: Guid(81522fa61705d9a469c35a09e6fb40c1) Importer(815301076,1909f56bfc062723c751e8b465ee728b)
Start importing Assets/#My/Resources/Data using Guid(81522fa61705d9a469c35a09e6fb40c1) Importer(815301076,1909f56bfc062723c751e8b465ee728b)  -> (artifact id: 'fa983de5e36bbfca96577f1bdb555960') in 0.017210 seconds 
========================================================================
Received Import Request.
  Time since last request: 0.000258 seconds.
  path: Assets/#My/Resources/Data/Constants.asset
  artifactKey: Guid(87ab4397e7224e940a6ef29ff55ff427) Importer(815301076,1909f56bfc062723c751e8b465ee728b)
Start importing Assets/#My/Resources/Data/Constants.asset using Guid(87ab4397e7224e940a6ef29ff55ff427) Importer(815301076,1909f56bfc062723c751e8b465ee728b)  -> (artifact id: '47fdd9048e9f671286ad0cf817784f24') in 0.108925 seconds 
========================================================================
Received Import Request.
  Time since last request: 0.000293 seconds.
  path: Assets/#My/Resources/Data/Inputs
  artifactKey: Guid(f1bedc53c01bfae428ed4cc997b180fd) Importer(815301076,1909f56bfc062723c751e8b465ee728b)
Start importing Assets/#My/Resources/Data/Inputs using Guid(f1bedc53c01bfae428ed4cc997b180fd) Importer(815301076,1909f56bfc062723c751e8b465ee728b)  -> (artifact id: 'b068de47943a7a5c5988b2e74c3f99ad') in 0.005587 seconds 
========================================================================
Received Prepare
Refreshing native plugins compatible for Editor in 6.33 ms, found 3 plugins.
Preloading 0 native plugins for Editor in 0.00 ms.
Unloading 30 Unused Serialized files (Serialized files now loaded: 0)
System memory in use before: 58.9 MB.
System memory in use after: 59.2 MB.

Unloading 30 unused Assets to reduce memory usage. Loaded Objects now: 3824.
Total: 27.875300 ms (FindLiveObjects: 0.313000 ms CreateObjectMapping: 0.219500 ms MarkObjects: 27.315300 ms  DeleteObjects: 0.026200 ms)

AssetImportParameters requested are different than current active one (requested -> active):
  custom:framework-win-MediaFoundation: 216162199b28c13a410421893ffa2e32 -> 
  custom:video-decoder-ogg-theora: a1e56fd34408186e4bbccfd4996cb3dc -> 
  custom:container-muxer-webm: aa71ff27fc2769a1b78a27578f13a17b -> 
  custom:container-demuxer-webm: 4f35f7cbe854078d1ac9338744f61a02 -> 
  custom:container-demuxer-ogg: 62fdf1f143b41e24485cea50d1cbac27 -> 
  custom:video-encoder-webm-vp8: eb34c28f22e8b96e1ab97ce403110664 -> 
  custom:video-codec-MediaFoundation-h265: 746d11721c4dcdbdad8f713fa42b33f4 -> 
  custom:video-decoder-webm-vp8: 9c59270c3fd7afecdb556c50c9e8de78 -> 
  custom:audio-decoder-ogg-vorbis: bf7c407c2cedff20999df2af8eb42d56 -> 
  custom:audio-encoder-webm-vorbis: bf7c407c2cedff20999df2af8eb42d56 -> 
========================================================================
Received Import Request.
  Time since last request: 10.249197 seconds.
  path: Assets/#My/Resources/Data/Inputs/Controller.asset
  artifactKey: Guid(050c7e0ecdb96314caa295176c10eae3) Importer(815301076,1909f56bfc062723c751e8b465ee728b)
Start importing Assets/#My/Resources/Data/Inputs/Controller.asset using Guid(050c7e0ecdb96314caa295176c10eae3) Importer(815301076,1909f56bfc062723c751e8b465ee728b)  -> (artifact id: '81175ec5c560f0f02942c249b1bcece0') in 0.023477 seconds 
========================================================================
Received Import Request.
  Time since last request: 57.823136 seconds.
  path: Assets/#My/Resources/Data/Elements/Fire.asset
  artifactKey: Guid(fe397260953664b4bbd314fc75dc23bc) Importer(815301076,1909f56bfc062723c751e8b465ee728b)
Start importing Assets/#My/Resources/Data/Elements/Fire.asset using Guid(fe397260953664b4bbd314fc75dc23bc) Importer(815301076,1909f56bfc062723c751e8b465ee728b)  -> (artifact id: '3a699161ea550a626179ac37b47c1a23') in 0.014874 seconds 
========================================================================
Received Import Request.
  Time since last request: 0.000186 seconds.
  path: Assets/#My/Resources/Data/Elements/Water.asset
  artifactKey: Guid(d6f4e9c387ab1c24791f26622d3b4614) Importer(815301076,1909f56bfc062723c751e8b465ee728b)
Start importing Assets/#My/Resources/Data/Elements/Water.asset using Guid(d6f4e9c387ab1c24791f26622d3b4614) Importer(815301076,1909f56bfc062723c751e8b465ee728b)  -> (artifact id: '891220c210c11d10c1068325e9715cb6') in 0.010018 seconds 
========================================================================
Received Import Request.
  Time since last request: 0.000270 seconds.
  path: Assets/#My/Resources/Data/Elements/Lightning.asset
  artifactKey: Guid(873e36b66a071894d9b5c3b0c8d47831) Importer(815301076,1909f56bfc062723c751e8b465ee728b)
Start importing Assets/#My/Resources/Data/Elements/Lightning.asset using Guid(873e36b66a071894d9b5c3b0c8d47831) Importer(815301076,1909f56bfc062723c751e8b465ee728b)  -> (artifact id: 'c0c567a367251b4c00de9205b5ba8fec') in 0.009441 seconds 
========================================================================
Received Import Request.
  Time since last request: 0.000260 seconds.
  path: Assets/#My/Resources/Data/Elements/Ice.asset
  artifactKey: Guid(3a555188e5393a145ac1cf72f647569c) Importer(815301076,1909f56bfc062723c751e8b465ee728b)
Start importing Assets/#My/Resources/Data/Elements/Ice.asset using Guid(3a555188e5393a145ac1cf72f647569c) Importer(815301076,1909f56bfc062723c751e8b465ee728b)  -> (artifact id: 'af5af4b817ff16204b89ca4ffcd1466a') in 0.008427 seconds 
========================================================================
Received Prepare
Registering precompiled user dll's ...
Registered in 0.009515 seconds.
Begin MonoManager ReloadAssembly
Symbol file LoadedFromMemory doesn't match image C:\Users\mathi\Documents\Perso\Unity\TwinSouls\TwinSouls_prototype\Library\PackageCache\com.unity.visualscripting@1.6.1\Editor\VisualScripting.Core\Dependencies\YamlDotNet\Unity.VisualScripting.YamlDotNet.dll
Symbol file LoadedFromMemory doesn't match image C:\Users\mathi\Documents\Perso\Unity\TwinSouls\TwinSouls_prototype\Library\PackageCache\com.unity.visualscripting@1.6.1\Editor\VisualScripting.Core\Dependencies\DotNetZip\Unity.VisualScripting.IonicZip.dll
Native extension for WindowsStandalone target not found
Refreshing native plugins compatible for Editor in 0.78 ms, found 3 plugins.
Preloading 0 native plugins for Editor in 0.00 ms.
[MODES] ModeService[none].Initialize
[MODES] ModeService[none].LoadModes
[MODES] Loading mode Default (0) for mode-current-id-TwinSouls_prototype
System.Reflection.TargetInvocationException: Exception has been thrown by the target of an invocation. ---> System.NullReferenceException: Object reference not set to an instance of an object
  at UnityEngine.UIElements.BaseLiveReloadAssetTracker`1[T].StartTrackingAsset (T asset) [0x0003e] in <432323cb268c47d2a6f4dd832d1a1c97>:0 
  at UnityEngine.UIElements.VisualElement.HandlePanelAttachmentEvents (UnityEngine.UIElements.EventBase evt) [0x000a9] in <432323cb268c47d2a6f4dd832d1a1c97>:0 
  at UnityEngine.UIElements.VisualElement.ExecuteDefaultAction (UnityEngine.UIElements.EventBase evt) [0x0010e] in <432323cb268c47d2a6f4dd832d1a1c97>:0 
  at UnityEngine.UIElements.CallbackEventHandler.HandleEvent (UnityEngine.UIElements.EventBase evt) [0x000ae] in <432323cb268c47d2a6f4dd832d1a1c97>:0 
  at UnityEngine.UIElements.EventDispatchUtilities.ExecuteDefaultAction (UnityEngine.UIElements.EventBase evt, UnityEngine.UIElements.IPanel panel) [0x00054] in <432323cb268c47d2a6f4dd832d1a1c97>:0 
  at UnityEngine.UIElements.EventDispatcher.ProcessEvent (UnityEngine.UIElements.EventBase evt, UnityEngine.UIElements.IPanel panel) [0x000ba] in <432323cb268c47d2a6f4dd832d1a1c97>:0 
  at UnityEngine.UIElements.EventDispatcher.Dispatch (UnityEngine.UIElements.EventBase evt, UnityEngine.UIElements.IPanel panel, UnityEngine.UIElements.DispatchMode dispatchMode) [0x00046] in <432323cb268c47d2a6f4dd832d1a1c97>:0 
  at UnityEngine.UIElements.BaseVisualElementPanel.SendEvent (UnityEngine.UIElements.EventBase e, UnityEngine.UIElements.DispatchMode dispatchMode) [0x0001a] in <432323cb268c47d2a6f4dd832d1a1c97>:0 
  at UnityEngine.UIElements.VisualElement.HasChangedPanel (UnityEngine.UIElements.BaseVisualElementPanel prevPanel) [0x00061] in <432323cb268c47d2a6f4dd832d1a1c97>:0 
  at UnityEngine.UIElements.VisualElement.SetPanel (UnityEngine.UIElements.BaseVisualElementPanel p) [0x001b1] in <432323cb268c47d2a6f4dd832d1a1c97>:0 
  at UnityEngine.UIElements.VisualElement+Hierarchy.SetParent (UnityEngine.UIElements.VisualElement value) [0x00038] in <432323cb268c47d2a6f4dd832d1a1c97>:0 
  at UnityEngine.UIElements.VisualElement+Hierarchy.Insert (System.Int32 index, UnityEngine.UIElements.VisualElement child) [0x000e4] in <432323cb268c47d2a6f4dd832d1a1c97>:0 
  at UnityEngine.UIElements.VisualElement+Hierarchy.Add (UnityEngine.UIElements.VisualElement child) [0x0001b] in <432323cb268c47d2a6f4dd832d1a1c97>:0 
  at UnityEngine.UIElements.VisualElement.Add (UnityEngine.UIElements.VisualElement child) [0x00038] in <432323cb268c47d2a6f4dd832d1a1c97>:0 
  at UnityEditor.UIElements.DefaultEditorWindowBackend.AddRootElement (UnityEngine.UIElements.VisualElement root) [0x0000c] in <47d44085adbe43bd896d97295bdef4f5>:0 
  at UnityEditor.UIElements.DefaultEditorWindowBackend.RegisterWindow () [0x000c7] in <47d44085adbe43bd896d97295bdef4f5>:0 
  at UnityEditor.UIElements.DefaultEditorWindowBackend.UnityEditor.IEditorWindowBackend.OnRegisterWindow () [0x00001] in <47d44085adbe43bd896d97295bdef4f5>:0 
  at UnityEditor.HostView.RegisterSelectedPane (System.Boolean sendEvents) [0x00035] in <cb5f6353539a46708761eca227df3590>:0 
  at UnityEditor.HostView.SetActualViewInternal (UnityEditor.EditorWindow value, System.Boolean sendEvents) [0x0004b] in <cb5f6353539a46708761eca227df3590>:0 
  at UnityEditor.DockArea.SetSelectedPrivate (System.Int32 value, System.Boolean sendEvents) [0x00059] in <cb5f6353539a46708761eca227df3590>:0 
  at UnityEditor.DockArea.AddTab (System.Int32 idx, UnityEditor.EditorWindow pane, System.Boolean sendPaneEvents) [0x00018] in <cb5f6353539a46708761eca227df3590>:0 
  at UnityEditor.DockArea.AddTab (UnityEditor.EditorWindow pane, System.Boolean sendPaneEvents) [0x0000d] in <cb5f6353539a46708761eca227df3590>:0 
  at UnityEditor.EditorWindow.CreateNewWindowForEditorWindow (UnityEditor.EditorWindow window, System.Boolean loadPosition, System.Boolean showImmediately, System.Boolean setFocus) [0x0001b] in <cb5f6353539a46708761eca227df3590>:0 
  at UnityEditor.EditorWindow.Show (System.Boolean immediateDisplay) [0x00011] in <cb5f6353539a46708761eca227df3590>:0 
  at UnityEditor.EditorWindow.Show () [0x00001] in <cb5f6353539a46708761eca227df3590>:0 
  at UnityEditor.EditorWindow.GetWindowPrivate (System.Type t, System.Boolean utility, System.String title, System.Boolean focus) [0x00069] in <cb5f6353539a46708761eca227df3590>:0 
  at UnityEditor.EditorWindow.GetWindow (System.Type t, System.Boolean utility, System.String title, System.Boolean focus) [0x00001] in <cb5f6353539a46708761eca227df3590>:0 
  at UnityEditor.EditorWindow.GetWindow[T] (System.Boolean utility, System.String title, System.Boolean focus) [0x00001] in <cb5f6353539a46708761eca227df3590>:0 
  at UnityEditor.EditorWindow.GetWindow[T] () [0x00001] in <cb5f6353539a46708761eca227df3590>:0 
  at StartAssets.PowerfulPreviewSettingsWindow.ShowSettings () [0x00000] in C:\Users\mathi\Documents\Perso\Unity\TwinSouls\TwinSouls_prototype\Assets\Start Assets\PowerfulPreview\Editor\PowerfulPreviewSettingsWindow.cs:64 
  at StartAssets.PowerfulPreviewSettingsWindow.Initialize () [0x0000c] in C:\Users\mathi\Documents\Perso\Unity\TwinSouls\TwinSouls_prototype\Assets\Start Assets\PowerfulPreview\Editor\PowerfulPreviewSettingsWindow.cs:69 
  at (wrapper managed-to-native) System.Reflection.MonoMethod.InternalInvoke(System.Reflection.MonoMethod,object,object[],System.Exception&)
  at System.Reflection.MonoMethod.Invoke (System.Object obj, System.Reflection.BindingFlags invokeAttr, System.Reflection.Binder binder, System.Object[] parameters, System.Globalization.CultureInfo culture) [0x00032] in <695d1cc93cca45069c528c15c9fdd749>:0 
   --- End of inner exception stack trace ---
  at System.Reflection.MonoMethod.Invoke (System.Object obj, System.Reflection.BindingFlags invokeAttr, System.Reflection.Binder binder, System.Object[] parameters, System.Globalization.CultureInfo culture) [0x00048] in <695d1cc93cca45069c528c15c9fdd749>:0 
  at System.Reflection.MethodBase.Invoke (System.Object obj, System.Object[] parameters) [0x00000] in <695d1cc93cca45069c528c15c9fdd749>:0 
  at UnityEditor.EditorAssemblies.ProcessInitializeOnLoadMethodAttributes () [0x00047] in <cb5f6353539a46708761eca227df3590>:0 
UnityEngine.StackTraceUtility:ExtractStackTrace ()
UnityEngine.DebugLogHandler:LogFormat (UnityEngine.LogType,UnityEngine.Object,string,object[])
UnityEngine.Logger:Log (UnityEngine.LogType,object)
UnityEngine.Debug:LogError (object)
UnityEditor.EditorAssemblies:ProcessInitializeOnLoadMethodAttributes ()

Mono: successfully reloaded assembly
- Completed reload, in  1.630 seconds
Domain Reload Profiling:
	ReloadAssembly (1630ms)
		BeginReloadAssembly (133ms)
			ExecutionOrderSort (0ms)
			DisableScriptedObjects (8ms)
			BackupInstance (0ms)
			ReleaseScriptingObjects (0ms)
			CreateAndSetChildDomain (51ms)
		EndReloadAssembly (1443ms)
			LoadAssemblies (80ms)
			RebuildTransferFunctionScriptingTraits (0ms)
			SetupTypeCache (345ms)
			ReleaseScriptCaches (1ms)
			RebuildScriptCaches (35ms)
			SetupLoadedEditorAssemblies (860ms)
				LogAssemblyErrors (0ms)
				InitializePlatformSupportModulesInManaged (4ms)
				SetLoadedEditorAssemblies (0ms)
				RefreshPlugins (1ms)
				BeforeProcessingInitializeOnLoad (47ms)
				ProcessInitializeOnLoadAttributes (634ms)
				ProcessInitializeOnLoadMethodAttributes (169ms)
				AfterProcessingInitializeOnLoad (5ms)
				EditorAssembliesLoaded (0ms)
			ExecutionOrderSort2 (0ms)
			AwakeInstancesAfterBackupRestoration (13ms)
Platform modules already initialized, skipping
Refreshing native plugins compatible for Editor in 0.91 ms, found 3 plugins.
Preloading 0 native plugins for Editor in 0.00 ms.
Unloading 3321 Unused Serialized files (Serialized files now loaded: 0)
System memory in use before: 124.4 MB.
System memory in use after: 124.6 MB.

Unloading 32 unused Assets to reduce memory usage. Loaded Objects now: 3831.
Total: 23.954000 ms (FindLiveObjects: 0.267000 ms CreateObjectMapping: 0.158900 ms MarkObjects: 23.503500 ms  DeleteObjects: 0.023300 ms)

AssetImportParameters requested are different than current active one (requested -> active):
  custom:framework-win-MediaFoundation: 216162199b28c13a410421893ffa2e32 -> 
  custom:video-decoder-ogg-theora: a1e56fd34408186e4bbccfd4996cb3dc -> 
  custom:container-muxer-webm: aa71ff27fc2769a1b78a27578f13a17b -> 
  custom:container-demuxer-webm: 4f35f7cbe854078d1ac9338744f61a02 -> 
  custom:container-demuxer-ogg: 62fdf1f143b41e24485cea50d1cbac27 -> 
  custom:video-encoder-webm-vp8: eb34c28f22e8b96e1ab97ce403110664 -> 
  custom:video-codec-MediaFoundation-h265: 746d11721c4dcdbdad8f713fa42b33f4 -> 
  custom:video-decoder-webm-vp8: 9c59270c3fd7afecdb556c50c9e8de78 -> 
  custom:audio-decoder-ogg-vorbis: bf7c407c2cedff20999df2af8eb42d56 -> 
  custom:audio-encoder-webm-vorbis: bf7c407c2cedff20999df2af8eb42d56 -> 
========================================================================
Received Import Request.
  Time since last request: 8.204507 seconds.
  path: Assets/#My/Resources/Twin.prefab
  artifactKey: Guid(967ed6570d3e06a4abf3cd7573628e8c) Importer(815301076,1909f56bfc062723c751e8b465ee728b)
Start importing Assets/#My/Resources/Twin.prefab using Guid(967ed6570d3e06a4abf3cd7573628e8c) Importer(815301076,1909f56bfc062723c751e8b465ee728b)  -> (artifact id: '0e2b353057c377bd5d2b90ab5721273a') in 0.268055 seconds 
========================================================================
Received Prepare
Refreshing native plugins compatible for Editor in 10.61 ms, found 3 plugins.
Preloading 0 native plugins for Editor in 0.00 ms.
Unloading 30 Unused Serialized files (Serialized files now loaded: 0)
System memory in use before: 75.2 MB.
System memory in use after: 75.5 MB.

Unloading 32 unused Assets to reduce memory usage. Loaded Objects now: 3841.
Total: 28.570300 ms (FindLiveObjects: 1.690100 ms CreateObjectMapping: 0.530600 ms MarkObjects: 26.275900 ms  DeleteObjects: 0.060900 ms)

AssetImportParameters requested are different than current active one (requested -> active):
  custom:framework-win-MediaFoundation: 216162199b28c13a410421893ffa2e32 -> 
  custom:video-decoder-ogg-theora: a1e56fd34408186e4bbccfd4996cb3dc -> 
  custom:container-muxer-webm: aa71ff27fc2769a1b78a27578f13a17b -> 
  custom:container-demuxer-webm: 4f35f7cbe854078d1ac9338744f61a02 -> 
  custom:container-demuxer-ogg: 62fdf1f143b41e24485cea50d1cbac27 -> 
  custom:video-encoder-webm-vp8: eb34c28f22e8b96e1ab97ce403110664 -> 
  custom:video-codec-MediaFoundation-h265: 746d11721c4dcdbdad8f713fa42b33f4 -> 
  custom:video-decoder-webm-vp8: 9c59270c3fd7afecdb556c50c9e8de78 -> 
  custom:audio-decoder-ogg-vorbis: bf7c407c2cedff20999df2af8eb42d56 -> 
  custom:audio-encoder-webm-vorbis: bf7c407c2cedff20999df2af8eb42d56 -> 
========================================================================
Received Prepare
Registering precompiled user dll's ...
Registered in 0.010893 seconds.
Begin MonoManager ReloadAssembly
Symbol file LoadedFromMemory doesn't match image C:\Users\mathi\Documents\Perso\Unity\TwinSouls\TwinSouls_prototype\Library\PackageCache\com.unity.visualscripting@1.6.1\Editor\VisualScripting.Core\Dependencies\YamlDotNet\Unity.VisualScripting.YamlDotNet.dll
Symbol file LoadedFromMemory doesn't match image C:\Users\mathi\Documents\Perso\Unity\TwinSouls\TwinSouls_prototype\Library\PackageCache\com.unity.visualscripting@1.6.1\Editor\VisualScripting.Core\Dependencies\DotNetZip\Unity.VisualScripting.IonicZip.dll
Native extension for WindowsStandalone target not found
Refreshing native plugins compatible for Editor in 1.33 ms, found 3 plugins.
Preloading 0 native plugins for Editor in 0.00 ms.
[MODES] ModeService[none].Initialize
[MODES] ModeService[none].LoadModes
[MODES] Loading mode Default (0) for mode-current-id-TwinSouls_prototype
System.Reflection.TargetInvocationException: Exception has been thrown by the target of an invocation. ---> System.NullReferenceException: Object reference not set to an instance of an object
  at UnityEngine.UIElements.BaseLiveReloadAssetTracker`1[T].StartTrackingAsset (T asset) [0x0003e] in <432323cb268c47d2a6f4dd832d1a1c97>:0 
  at UnityEngine.UIElements.VisualElement.HandlePanelAttachmentEvents (UnityEngine.UIElements.EventBase evt) [0x000a9] in <432323cb268c47d2a6f4dd832d1a1c97>:0 
  at UnityEngine.UIElements.VisualElement.ExecuteDefaultAction (UnityEngine.UIElements.EventBase evt) [0x0010e] in <432323cb268c47d2a6f4dd832d1a1c97>:0 
  at UnityEngine.UIElements.CallbackEventHandler.HandleEvent (UnityEngine.UIElements.EventBase evt) [0x000ae] in <432323cb268c47d2a6f4dd832d1a1c97>:0 
  at UnityEngine.UIElements.EventDispatchUtilities.ExecuteDefaultAction (UnityEngine.UIElements.EventBase evt, UnityEngine.UIElements.IPanel panel) [0x00054] in <432323cb268c47d2a6f4dd832d1a1c97>:0 
  at UnityEngine.UIElements.EventDispatcher.ProcessEvent (UnityEngine.UIElements.EventBase evt, UnityEngine.UIElements.IPanel panel) [0x000ba] in <432323cb268c47d2a6f4dd832d1a1c97>:0 
  at UnityEngine.UIElements.EventDispatcher.Dispatch (UnityEngine.UIElements.EventBase evt, UnityEngine.UIElements.IPanel panel, UnityEngine.UIElements.DispatchMode dispatchMode) [0x00046] in <432323cb268c47d2a6f4dd832d1a1c97>:0 
  at UnityEngine.UIElements.BaseVisualElementPanel.SendEvent (UnityEngine.UIElements.EventBase e, UnityEngine.UIElements.DispatchMode dispatchMode) [0x0001a] in <432323cb268c47d2a6f4dd832d1a1c97>:0 
  at UnityEngine.UIElements.VisualElement.HasChangedPanel (UnityEngine.UIElements.BaseVisualElementPanel prevPanel) [0x00061] in <432323cb268c47d2a6f4dd832d1a1c97>:0 
  at UnityEngine.UIElements.VisualElement.SetPanel (UnityEngine.UIElements.BaseVisualElementPanel p) [0x001b1] in <432323cb268c47d2a6f4dd832d1a1c97>:0 
  at UnityEngine.UIElements.VisualElement+Hierarchy.SetParent (UnityEngine.UIElements.VisualElement value) [0x00038] in <432323cb268c47d2a6f4dd832d1a1c97>:0 
  at UnityEngine.UIElements.VisualElement+Hierarchy.Insert (System.Int32 index, UnityEngine.UIElements.VisualElement child) [0x000e4] in <432323cb268c47d2a6f4dd832d1a1c97>:0 
  at UnityEngine.UIElements.VisualElement+Hierarchy.Add (UnityEngine.UIElements.VisualElement child) [0x0001b] in <432323cb268c47d2a6f4dd832d1a1c97>:0 
  at UnityEngine.UIElements.VisualElement.Add (UnityEngine.UIElements.VisualElement child) [0x00038] in <432323cb268c47d2a6f4dd832d1a1c97>:0 
  at UnityEditor.UIElements.DefaultEditorWindowBackend.AddRootElement (UnityEngine.UIElements.VisualElement root) [0x0000c] in <47d44085adbe43bd896d97295bdef4f5>:0 
  at UnityEditor.UIElements.DefaultEditorWindowBackend.RegisterWindow () [0x000c7] in <47d44085adbe43bd896d97295bdef4f5>:0 
  at UnityEditor.UIElements.DefaultEditorWindowBackend.UnityEditor.IEditorWindowBackend.OnRegisterWindow () [0x00001] in <47d44085adbe43bd896d97295bdef4f5>:0 
  at UnityEditor.HostView.RegisterSelectedPane (System.Boolean sendEvents) [0x00035] in <cb5f6353539a46708761eca227df3590>:0 
  at UnityEditor.HostView.SetActualViewInternal (UnityEditor.EditorWindow value, System.Boolean sendEvents) [0x0004b] in <cb5f6353539a46708761eca227df3590>:0 
  at UnityEditor.DockArea.SetSelectedPrivate (System.Int32 value, System.Boolean sendEvents) [0x00059] in <cb5f6353539a46708761eca227df3590>:0 
  at UnityEditor.DockArea.AddTab (System.Int32 idx, UnityEditor.EditorWindow pane, System.Boolean sendPaneEvents) [0x00018] in <cb5f6353539a46708761eca227df3590>:0 
  at UnityEditor.DockArea.AddTab (UnityEditor.EditorWindow pane, System.Boolean sendPaneEvents) [0x0000d] in <cb5f6353539a46708761eca227df3590>:0 
  at UnityEditor.EditorWindow.CreateNewWindowForEditorWindow (UnityEditor.EditorWindow window, System.Boolean loadPosition, System.Boolean showImmediately, System.Boolean setFocus) [0x0001b] in <cb5f6353539a46708761eca227df3590>:0 
  at UnityEditor.EditorWindow.Show (System.Boolean immediateDisplay) [0x00011] in <cb5f6353539a46708761eca227df3590>:0 
  at UnityEditor.EditorWindow.Show () [0x00001] in <cb5f6353539a46708761eca227df3590>:0 
  at UnityEditor.EditorWindow.GetWindowPrivate (System.Type t, System.Boolean utility, System.String title, System.Boolean focus) [0x00069] in <cb5f6353539a46708761eca227df3590>:0 
  at UnityEditor.EditorWindow.GetWindow (System.Type t, System.Boolean utility, System.String title, System.Boolean focus) [0x00001] in <cb5f6353539a46708761eca227df3590>:0 
  at UnityEditor.EditorWindow.GetWindow[T] (System.Boolean utility, System.String title, System.Boolean focus) [0x00001] in <cb5f6353539a46708761eca227df3590>:0 
  at UnityEditor.EditorWindow.GetWindow[T] () [0x00001] in <cb5f6353539a46708761eca227df3590>:0 
  at StartAssets.PowerfulPreviewSettingsWindow.ShowSettings () [0x00000] in C:\Users\mathi\Documents\Perso\Unity\TwinSouls\TwinSouls_prototype\Assets\Start Assets\PowerfulPreview\Editor\PowerfulPreviewSettingsWindow.cs:64 
  at StartAssets.PowerfulPreviewSettingsWindow.Initialize () [0x0000c] in C:\Users\mathi\Documents\Perso\Unity\TwinSouls\TwinSouls_prototype\Assets\Start Assets\PowerfulPreview\Editor\PowerfulPreviewSettingsWindow.cs:69 
  at (wrapper managed-to-native) System.Reflection.MonoMethod.InternalInvoke(System.Reflection.MonoMethod,object,object[],System.Exception&)
  at System.Reflection.MonoMethod.Invoke (System.Object obj, System.Reflection.BindingFlags invokeAttr, System.Reflection.Binder binder, System.Object[] parameters, System.Globalization.CultureInfo culture) [0x00032] in <695d1cc93cca45069c528c15c9fdd749>:0 
   --- End of inner exception stack trace ---
  at System.Reflection.MonoMethod.Invoke (System.Object obj, System.Reflection.BindingFlags invokeAttr, System.Reflection.Binder binder, System.Object[] parameters, System.Globalization.CultureInfo culture) [0x00048] in <695d1cc93cca45069c528c15c9fdd749>:0 
  at System.Reflection.MethodBase.Invoke (System.Object obj, System.Object[] parameters) [0x00000] in <695d1cc93cca45069c528c15c9fdd749>:0 
  at UnityEditor.EditorAssemblies.ProcessInitializeOnLoadMethodAttributes () [0x00047] in <cb5f6353539a46708761eca227df3590>:0 
UnityEngine.StackTraceUtility:ExtractStackTrace ()
UnityEngine.DebugLogHandler:LogFormat (UnityEngine.LogType,UnityEngine.Object,string,object[])
UnityEngine.Logger:Log (UnityEngine.LogType,object)
UnityEngine.Debug:LogError (object)
UnityEditor.EditorAssemblies:ProcessInitializeOnLoadMethodAttributes ()

Mono: successfully reloaded assembly
- Completed reload, in  5.969 seconds
Domain Reload Profiling:
	ReloadAssembly (5970ms)
		BeginReloadAssembly (446ms)
			ExecutionOrderSort (0ms)
			DisableScriptedObjects (42ms)
			BackupInstance (0ms)
			ReleaseScriptingObjects (0ms)
			CreateAndSetChildDomain (219ms)
		EndReloadAssembly (5385ms)
			LoadAssemblies (259ms)
			RebuildTransferFunctionScriptingTraits (0ms)
			SetupTypeCache (1020ms)
			ReleaseScriptCaches (4ms)
			RebuildScriptCaches (101ms)
			SetupLoadedEditorAssemblies (3637ms)
				LogAssemblyErrors (0ms)
				InitializePlatformSupportModulesInManaged (15ms)
				SetLoadedEditorAssemblies (1ms)
				RefreshPlugins (1ms)
				BeforeProcessingInitializeOnLoad (101ms)
				ProcessInitializeOnLoadAttributes (2333ms)
				ProcessInitializeOnLoadMethodAttributes (1167ms)
				AfterProcessingInitializeOnLoad (18ms)
				EditorAssembliesLoaded (1ms)
			ExecutionOrderSort2 (0ms)
			AwakeInstancesAfterBackupRestoration (57ms)
Platform modules already initialized, skipping
Refreshing native plugins compatible for Editor in 5.46 ms, found 3 plugins.
Preloading 0 native plugins for Editor in 0.00 ms.
Unloading 3321 Unused Serialized files (Serialized files now loaded: 0)
System memory in use before: 139.2 MB.
System memory in use after: 139.4 MB.

Unloading 32 unused Assets to reduce memory usage. Loaded Objects now: 3848.
Total: 96.734900 ms (FindLiveObjects: 1.163800 ms CreateObjectMapping: 1.445100 ms MarkObjects: 93.924800 ms  DeleteObjects: 0.196300 ms)

AssetImportParameters requested are different than current active one (requested -> active):
  custom:framework-win-MediaFoundation: 216162199b28c13a410421893ffa2e32 -> 
  custom:video-decoder-ogg-theora: a1e56fd34408186e4bbccfd4996cb3dc -> 
  custom:container-muxer-webm: aa71ff27fc2769a1b78a27578f13a17b -> 
  custom:container-demuxer-webm: 4f35f7cbe854078d1ac9338744f61a02 -> 
  custom:container-demuxer-ogg: 62fdf1f143b41e24485cea50d1cbac27 -> 
  custom:video-encoder-webm-vp8: eb34c28f22e8b96e1ab97ce403110664 -> 
  custom:video-codec-MediaFoundation-h265: 746d11721c4dcdbdad8f713fa42b33f4 -> 
  custom:video-decoder-webm-vp8: 9c59270c3fd7afecdb556c50c9e8de78 -> 
  custom:audio-decoder-ogg-vorbis: bf7c407c2cedff20999df2af8eb42d56 -> 
  custom:audio-encoder-webm-vorbis: bf7c407c2cedff20999df2af8eb42d56 -> 
AssetImportWorkerClient::OnTransportError - code=2 error=End of file
